-1 
-1 
-0.820313 
-0.457031 
-1 
-1 
1 
-1 
1 
-1 
-1 
-1 
-1 
-1 
-1 
-1 
0.832031 
-1 
-1 
-1 
-1 
-1 
-1 
-0.871094 
-1 
-1 
0.742188 
-1 
-0.179688 
-1 
1 
1 
1 
1 
1 
1 
1 
0.492188 
1 
1 
1 
0.351563 
1 
-1 
0.921875 
-1 
-1 
-1 
1 
-1 
-1 
-1 
-1 
-1 
-1 
-1 
-1 
-1 
-1 
-0.957031 
1 
1 
1 
1 
1 
-0.472656 
0.652344 
1 
1 
1 
1 
1 
1 
-0.636719 
1 
1 
0.210938 
1 
1 
1 
1 
1 
1 
1 
1 
1 
1 
0.71875 
0.609375 
1 
-0.371094 
-1 
-1 
-0.03125 
-1 
-1 
1 
-1 
-1 
-1 
-1 
1 
1 
1 
0.921875 
1 
0.871094 
1 
1 
1 
1 
0.300781 
0.921875 
1 
1 
1 
1 
1 
1 
1 
-1 
-1 
-0.71875 
-0.351563 
-1 
-1 
-1 
-1 
1 
0.0429688 
-1 
-0.617188 
-1 
-1 
-1 
-1 
-0.429688 
-1 
-1 
-1 
0.941406 
0.957031 
1 
0.933594 
0.765625 
1 
1 
-0.597656 
1 
0.742188 
-1 
-1 
-1 
0.382813 
-0.15625 
-1 
-1 
-1 
-1 
-1 
-0.296875 
1 
1 
1 
0.761719 
1 
1 
0.554688 
1 
1 
1 
1 
1 
0.898438 
1 
1 
1 
0.742188 
1 
1 
1 
1 
0.761719 
1 
1 
1 
1 
1 
1 
1 
1 
1 
1 
1 
1 
1 
1 
1 
0.921875 
1 
-1 
-1 
-1 
-1 
-1 
-1 
-1 
-1 
-0.609375 
-1 
1 
1 
1 
0.503906 
1 
0.0976563 
1 
0.960938 
1 
1 
-0.671875 
-1 
-0.941406 
-1 
-1 
-1 
-0.621094 
0.734375 
-1 
0.144531 
0.523438 
1 
1 
1 
1 
1 
1 
1 
1 
1 
-0.707031 
0.941406 
1 
1 
1 
1 
0.871094 
1 
1 
1 
1 
1 
1 
0.558594 
1 
-1 
-1 
1 
1 
1 
-0.867188 
-1 
0.832031 
-1 
-1 
-1 
-1 
-1 
-1 
-1 
1 
1 
1 
1 
0.832031 
1 
1 
1 
1 
1 
-0.742188 
-1 
-1 
-1 
-1 
-1 
0.910156 
0.519531 
-0.121094 
-0.71875 
-1 
-1 
-1 
-1 
-1 
-1 
-1 
-1 
-0.734375 
-1 
1 
1 
1 
1 
1 
1 
1 
1 
0.832031 
1 
-1 
-1 
-1 
-1 
-1 
-1 
-1 
-1 
-1 
0.0859375 
-1 
-1 
-1 
-1 
-0.554688 
-0.984375 
-1 
-1 
-1 
-1 
1 
1 
1 
1 
0.652344 
1 
0.726563 
1 
1 
1 
0.914063 
0.308594 
1 
1 
1 
1 
0.832031 
1 
1 
1 
-1 
-0.632813 
0.960938 
-1 
-1 
-1 
-1 
-1 
-1 
0.109375 
-1 
-0.59375 
-1 
-1 
-0.179688 
-1 
-1 
-1 
-1 
-1 
0.921875 
1 
1 
1 
1 
1 
1 
1 
1 
1 
-1 
-1 
-0.46875 
0.503906 
-1 
-0.464844 
-1 
-1 
-1 
0.347656 
-0.988281 
-0.398438 
-0.894531 
-1 
-1 
-1 
-1 
-1 
-0.617188 
-1 
-0.714844 
0.742188 
-1 
-1 
-1 
0.515625 
-1 
-1 
-1 
-1 
-1 
-1 
-1 
-1 
-1 
-1 
-0.03125 
-1 
-1 
-1 
1 
1 
1 
1 
0.320313 
0.59375 
0.832031 
1 
0.640625 
1 
1 
1 
1 
1 
1 
1 
1 
1 
0.238281 
1 
-1 
-1 
-1 
-1 
-1 
1 
-0.0742188 
1 
-1 
0.921875 
1 
1 
1 
1 
1 
1 
0.742188 
1 
1 
1 
-1 
1 
1 
1 
0.832031 
1 
1 
0.167969 
1 
1 
1 
1 
1 
1 
1 
1 
0.621094 
1 
-0.8125 
1 
-1 
-1 
1 
-1 
-1 
-1 
-1 
-1 
-1 
-1 
1 
1 
1 
0.753906 
1 
0.738281 
1 
1 
1 
1 
-0.507813 
-0.957031 
1 
-1 
-1 
-1 
-1 
-1 
-1 
-1 
1 
1 
1 
1 
0.921875 
1 
1 
-0.09375 
1 
1 
1 
1 
1 
1 
1 
1 
1 
1 
-1 
1 
0.601563 
-1 
-1 
0.472656 
-1 
-0.414063 
0.566406 
-1 
-1 
-0.0585938 
-1 
0.90625 
-1 
-0.742188 
0.644531 
-1 
-1 
-1 
-1 
-1 
0.140625 
1 
1 
1 
1 
1 
1 
1 
1 
0.925781 
1 
0.921875 
1 
1 
1 
1 
1 
1 
1 
1 
1 
1 
1 
1 
1 
1 
1 
0.5625 
1 
1 
0.304688 
-1 
-1 
-1 
-1 
-1 
-1 
-1 
-1 
-1 
1 
1 
1 
1 
0.453125 
1 
-0.101563 
1 
1 
1 
1 
1 
1 
1 
0.136719 
1 
1 
0.28125 
0.835938 
1 
1 
1 
1 
0.742188 
1 
1 
1 
1 
0.816406 
1 
-1 
-1 
-1 
-1 
1 
-1 
-1 
-1 
-1 
-1 
-1 
-1 
-1 
-1 
-1 
-1 
-1 
-0.546875 
-1 
-1 
-0.757813 
-1 
1 
-1 
-1 
-0.871094 
-0.785156 
-1 
-1 
-1 
-0.078125 
-1 
-1 
-0.242188 
1 
-1 
0.34375 
-1 
0.59375 
-0.429688 
1 
1 
0.414063 
1 
1 
0.652344 
1 
1 
1 
1 
0.59375 
1 
-0.648438 
0.710938 
1 
1 
1 
0.34375 
1 
1 
-1 
-1 
-1 
-1 
-1 
-1 
1 
-0.945313 
-1 
-1 
1 
1 
1 
1 
1 
1 
1 
0.753906 
1 
0.832031 
1 
0.175781 
1 
1 
1 
0.851563 
1 
1 
1 
1 
-1 
-0.992188 
-1 
0.289063 
-1 
-1 
-1 
-1 
-1 
-0.851563 
1 
1 
1 
0.921875 
1 
-0.511719 
1 
0.683594 
1 
1 
1 
1 
1 
0.742188 
1 
1 
0.925781 
1 
1 
1 
-0.617188 
-1 
-0.742188 
-1 
-1 
0.238281 
-1 
0.289063 
-1 
-0.824219 
-1 
-1 
-1 
0.253906 
-1 
-0.433594 
-1 
-1 
-1 
-1 
-1 
-0.851563 
-1 
-1 
1 
-1 
-1 
-1 
-1 
-1 
-1 
-1 
-0.234375 
-1 
-1 
-1 
-0.761719 
-1 
-1 
-1 
1 
1 
1 
1 
1 
0.832031 
1 
1 
1 
1 
0.5625 
-1 
-1 
-0.90625 
-1 
-0.5625 
-1 
-1 
-1 
0.652344 
-1 
-0.984375 
0.605469 
-1 
-1 
-1 
-1 
-1 
0.832031 
1 
-1 
-0.53125 
-0.804688 
-1 
0.382813 
-1 
-1 
0.273438 
0.652344 
-1 
-1 
-1 
-1 
-1 
-1 
-1 
-1 
-1 
-1 
0.726563 
1 
1 
1 
1 
1 
1 
0.925781 
1 
1 
1 
1 
0.558594 
1 
0.933594 
1 
1 
1 
1 
0.421875 
1 
-1 
-1 
-1 
-0.964844 
-0.820313 
-1 
-0.28125 
-1 
-1 
-0.222656 
-1 
-0.0117188 
-1 
0.332031 
-1 
0.617188 
-1 
-1 
-1 
1 
-1 
-1 
-0.421875 
-1 
-1 
-1 
0.046875 
-1 
-1 
-1 
1 
1 
1 
1 
1 
1 
1 
1 
1 
1 
0.101563 
1 
1 
1 
1 
0.21875 
1 
1 
1 
1 
-1 
-1 
1 
0.925781 
-1 
-1 
-0.996094 
-1 
-1 
-1 
-1 
-1 
-1 
-1 
-0.65625 
1 
-1 
-1 
-1 
-1 
-0.394531 
-1 
-1 
-0.472656 
0.84375 
-0.917969 
-1 
-1 
-0.199219 
-1 
0.457031 
1 
1 
1 
0.832031 
1 
1 
0.921875 
1 
1 
0.671875 
1 
1 
1 
1 
1 
1 
1 
1 
0.652344 
0.871094 
0.0390625 
1 
1 
1 
1 
0.113281 
1 
1 
0.65625 
-1 
1 
-1 
-1 
-1 
-1 
0.175781 
-1 
-0.75 
-1 
-1 
-0.742188 
-1 
-1 
1 
-1 
-1 
-1 
0.0742188 
1 
1 
0.90625 
1 
1 
1 
1 
1 
1 
1 
0.832031 
-0.742188 
1 
-0.710938 
1 
0.335938 
1 
0.96875 
0.933594 
1 
1 
1 
0.605469 
0.921875 
1 
1 
1 
1 
0.253906 
0.921875 
1 
1 
1 
0.691406 
1 
1 
1 
1 
1 
1 
-0.960938 
-0.292969 
-1 
-1 
-1 
0.898438 
-1 
-1 
-1 
-0.839844 
0.078125 
-1 
-1 
-1 
-1 
-1 
-0.535156 
-0.902344 
-0.617188 
-1 
0.683594 
-1 
-1 
-1 
0.742188 
-1 
-0.476563 
-1 
-1 
-1 
-0.726563 
1 
1 
1 
1 
1 
1 
1 
0.71875 
1 
1 
1 
1 
1 
1 
0.886719 
1 
0.136719 
1 
1 
1 
1 
0.742188 
1 
1 
1 
1 
1 
1 
1 
1 
1 
0.90625 
1 
1 
0.296875 
1 
0.710938 
0.90625 
1 
1 
-1 
1 
0.0507813 
-0.324219 
-0.0703125 
-1 
-0.648438 
-0.964844 
-1 
-1 
-1 
-1 
-1 
-0.890625 
0.203125 
-1 
-1 
-0.375 
-1 
-1 
-0.351563 
-1 
0.988281 
-1 
-0.546875 
-0.722656 
0.683594 
0.960938 
-1 
-1 
-1 
-1 
0.574219 
-1 
0.144531 
-1 
-1 
-1 
-1 
-0.917969 
-0.136719 
-1 
-1 
-1 
-1 
-1 
-1 
-1 
-0.851563 
0.265625 
-1 
0.46875 
-1 
-1 
0.382813 
-0.546875 
0.886719 
-1 
-1 
-1 
-1 
-0.339844 
-1 
-1 
-1 
-1 
-0.496094 
1 
-1 
-1 
0.765625 
-0.691406 
0.652344 
-1 
-1 
-1 
-1 
-1 
-0.699219 
-1 
1 
1 
1 
1 
1 
0.453125 
1 
0.953125 
1 
-0.0195313 
1 
1 
1 
1 
1 
0.832031 
1 
1 
1 
1 
-1 
-1 
-1 
-1 
-1 
-1 
1 
-1 
-1 
-1 
-0.921875 
-1 
-1 
-1 
-1 
-1 
-1 
-1 
-1 
-0.183594 
-0.929688 
-1 
-1 
0.921875 
-1 
-0.441406 
-1 
-1 
-1 
-1 
-1 
-1 
-1 
-1 
-1 
-1 
-1 
-1 
-1 
-1 
1 
1 
0.375 
0.949219 
0.503906 
1 
1 
1 
0.878906 
1 
0.800781 
1 
0.800781 
0.742188 
1 
1 
-0.0742188 
0.382813 
0.09375 
1 
1 
0.28125 
0.578125 
1 
1 
1 
1 
1 
1 
1 
-1 
-1 
-1 
-0.886719 
-1 
-1 
-1 
-1 
-1 
-1 
-1 
-0.921875 
-1 
-1 
-1 
-0.226563 
-1 
1 
0.664063 
-1 
-1 
-0.964844 
-1 
-1 
-1 
-1 
-1 
0.0195313 
-1 
-0.03125 
-1 
-1 
-1 
-1 
-1 
-1 
-1 
-1 
-1 
-0.910156 
-1 
-1 
-1 
-1 
-1 
-1 
-1 
-0.59375 
-1 
-1 
-1 
-1 
-1 
-1 
0.527344 
-0.769531 
1 
-0.65625 
1 
-0.773438 
-1 
-1 
0.742188 
-1 
-0.152344 
-1 
-1 
0.210938 
-0.902344 
1 
0.304688 
-0.585938 
-0.414063 
-1 
0.5625 
-1 
-1 
-0.921875 
-1 
-0.402344 
-1 
0.921875 
0.824219 
-1 
-1 
0.128906 
-1 
-1 
-1 
-1 
1 
1 
1 
1 
1 
1 
0.15625 
1 
1 
1 
1 
1 
1 
1 
-0.964844 
1 
1 
1 
1 
1 
1 
-0.117188 
-1 
-0.804688 
-1 
-1 
-1 
-1 
-1 
-1 
-1 
-1 
-1 
-1 
-1 
1 
-1 
-1 
-1 
-0.574219 
-1 
-1 
-1 
-1 
-1 
0.5625 
-0.667969 
-1 
-1 
-1 
0.0507813 
1 
0.742188 
1 
1 
1 
1 
1 
1 
1 
-0.664063 
0.648438 
0.578125 
1 
1 
1 
0.503906 
1 
1 
1 
-1 
-1 
-1 
-1 
-0.511719 
-1 
-1 
-0.871094 
-1 
-1 
1 
0.664063 
1 
1 
0.40625 
1 
0.398438 
0.738281 
1 
1 
1 
1 
1 
1 
1 
1 
1 
1 
1 
1 
-1 
-1 
0.90625 
1 
-1 
-1 
-0.867188 
-1 
0.808594 
-1 
1 
1 
1 
1 
1 
1 
0.949219 
1 
0.667969 
1 
0.90625 
1 
1 
1 
1 
1 
0.292969 
-0.183594 
1 
1 
1 
1 
1 
1 
1 
0.0507813 
0.613281 
1 
1 
1 
-1 
-0.421875 
-1 
-1 
-1 
-1 
-0.398438 
-1 
-1 
0.402344 
0.550781 
1 
1 
1 
1 
1 
1 
1 
1 
1 
-1 
-1 
-1 
-1 
-0.492188 
-0.386719 
1 
-1 
-1 
-1 
-1 
-1 
0.898438 
-1 
-1 
-1 
-1 
-1 
1 
-1 
-1 
-1 
1 
-1 
1 
-1 
-0.761719 
-1 
-1 
0.5625 
-1 
-1 
-1 
-1 
-0.601563 
-1 
-0.316406 
-1 
-1 
0.675781 
1 
1 
1 
0.832031 
1 
1 
1 
1 
1 
0.832031 
1 
1 
0.851563 
1 
1 
1 
-0.296875 
0.886719 
1 
0.0859375 
-1 
0.105469 
1 
-1 
1 
0.390625 
-1 
0.292969 
0.652344 
-1 
0.886719 
0.773438 
1 
1 
1 
1 
1 
1 
0.335938 
1 
1 
0.742188 
1 
1 
0.582031 
0.921875 
1 
1 
1 
1 
-1 
-1 
-1 
1 
-1 
-1 
-1 
-1 
-0.582031 
-1 
1 
1 
1 
0.921875 
1 
1 
1 
-1 
0.871094 
-0.777344 
-1 
-1 
-1 
0.292969 
-1 
-1 
-1 
-1 
-1 
1 
1 
1 
1 
1 
1 
1 
1 
-0.128906 
1 
1 
-1 
-1 
-1 
-1 
1 
-1 
-1 
-1 
-1 
1 
0.742188 
1 
1 
1 
-0.480469 
1 
1 
1 
-0.160156 
1 
1 
1 
1 
1 
1 
1 
1 
1 
0.988281 
1 
1 
1 
1 
0.0820313 
1 
-0.359375 
1 
1 
1 
1 
1 
1 
1 
1 
1 
1 
0.832031 
1 
1 
1 
1 
1 
1 
0.683594 
1 
1 
1 
1 
1 
1 
0.378906 
1 
1 
1 
1 
1 
1 
1 
1 
1 
-1 
-0.65625 
-1 
-1 
-1 
-1 
-1 
-1 
-1 
-1 
0.90625 
-1 
-1 
-1 
0.652344 
-1 
-1 
-1 
-1 
-1 
0.5625 
0.0195313 
1 
1 
-0.140625 
-1 
1 
1 
1 
1 
1 
1 
1 
1 
1 
0.921875 
1 
0.753906 
1 
1 
-1 
-1 
-1 
-1 
-1 
-1 
-1 
-1 
-0.582031 
-1 
1 
-1 
-1 
0.429688 
-1 
-1 
0.476563 
-1 
-1 
0.242188 
1 
0.53125 
1 
1 
1 
0.484375 
1 
0.746094 
1 
1 
1 
1 
1 
0.84375 
1 
1 
-0.046875 
1 
1 
0.921875 
1 
0.996094 
1 
1 
1 
1 
1 
1 
1 
1 
0.40625 
-0.230469 
-0.332031 
0.0429688 
-1 
-0.726563 
-1 
1 
0.652344 
1 
-0.699219 
-1 
-1 
0.0625 
0.832031 
-1 
0.0351563 
-0.65625 
0.652344 
1 
0.796875 
-1 
-1 
-1 
0.292969 
-0.660156 
1 
-1 
-1 
-1 
-1 
0.164063 
-1 
0.382813 
-0.699219 
-0.28125 
-1 
-1 
0.429688 
-1 
-1 
-1 
0.433594 
-0.324219 
-0.933594 
1 
-1 
-1 
-1 
-1 
-0.582031 
-1 
-1 
0.472656 
0.710938 
-1 
-1 
-0.519531 
-0.179688 
-1 
-0.484375 
-1 
-1 
-1 
-1 
-0.359375 
-1 
-1 
-0.0859375 
-1 
-1 
-1 
-1 
-1 
-0.289063 
-0.996094 
-1 
-0.992188 
-1 
-1 
-1 
-1 
-0.621094 
-0.00390625 
-1 
-0.9375 
-1 
-1 
-1 
-1 
-1 
0.742188 
-1 
-1 
-1 
0.921875 
-1 
-1 
-1 
1 
1 
1 
0.832031 
1 
1 
0.898438 
1 
1 
1 
1 
0.921875 
0.691406 
0.132813 
-1 
-1 
-1 
-1 
-1 
-1 
-1 
1 
1 
1 
-0.21875 
1 
1 
0.167969 
1 
0.996094 
1 
1 
1 
0.261719 
0.0585938 
1 
1 
1 
1 
1 
1 
-1 
-1 
-1 
0.605469 
-1 
0.113281 
-1 
-1 
0.5625 
-1 
0.921875 
1 
1 
1 
1 
1 
1 
1 
1 
1 
-1 
-1 
0.078125 
-1 
-1 
0.0234375 
-1 
-0.917969 
-1 
-1 
-1 
0.832031 
-0.964844 
-1 
-1 
-1 
-1 
-1 
-0.421875 
-1 
1 
1 
1 
1 
1 
0.96875 
1 
1 
0.308594 
0.691406 
1 
1 
0.621094 
1 
0.617188 
-0.00390625 
1 
1 
1 
1 
1 
1 
1 
0.914063 
1 
1 
1 
1 
1 
1 
1 
1 
1 
1 
0.34375 
1 
0.652344 
1 
0.503906 
0.832031 
0.832031 
0.429688 
0.898438 
1 
1 
1 
1 
1 
1 
1 
1 
1 
1 
1 
1 
1 
1 
1 
0.878906 
1 
1 
1 
1 
1 
0.0117188 
0.476563 
1 
1 
1 
1 
-1 
0.859375 
-0.546875 
-1 
0.769531 
-1 
-1 
-1 
-1 
-1 
-1 
0.5625 
-0.335938 
-0.113281 
-1 
-1 
-1 
-1 
-1 
0.691406 
1 
1 
-0.367188 
1 
1 
1 
1 
0.871094 
1 
0.585938 
-1 
0.382813 
-1 
-1 
-1 
-1 
-1 
-1 
-0.101563 
1 
-1 
-1 
-1 
-0.492188 
-1 
-1 
-0.03125 
-0.957031 
-0.589844 
-1 
-1 
-1 
-1 
-1 
0.0742188 
0.183594 
-1 
-1 
-1 
-1 
-1 
-1 
0.921875 
-0.464844 
-1 
-1 
-0.0117188 
-1 
0.742188 
-1 
-1 
-1 
-1 
-1 
-1 
0.175781 
-1 
-1 
-1 
-1 
1 
-1 
-1 
-1 
0.492188 
-1 
-1 
-1 
-0.09375 
-1 
-1 
1 
-1 
-1 
-1 
-1 
-1 
0.332031 
-1 
-1 
1 
0.148438 
1 
0.382813 
1 
1 
1 
1 
1 
0.921875 
-1 
-1 
-1 
-1 
-0.304688 
-1 
0.0078125 
-1 
-0.191406 
-1 
1 
1 
1 
1 
1 
1 
0.921875 
1 
0.328125 
1 
1 
1 
1 
0.65625 
1 
1 
1 
0.332031 
1 
0.433594 
-1 
-1 
-1 
-1 
-1 
0.503906 
-1 
-1 
-1 
-1 
1 
1 
-0.710938 
1 
1 
1 
1 
1 
1 
1 
-1 
-1 
0.046875 
-1 
-0.046875 
-1 
-1 
-1 
1 
0.179688 
-1 
1 
0.5625 
-0.753906 
0.363281 
-1 
-1 
-1 
-1 
1 
-1 
-1 
-0.09375 
-1 
-0.175781 
0.324219 
0.496094 
-1 
-1 
-1 
-1 
-1 
-1 
-1 
-1 
-1 
-1 
-1 
-1 
-0.980469 
0.871094 
1 
1 
1 
1 
0.914063 
1 
1 
1 
1 
0.46875 
1 
1 
0.980469 
1 
1 
1 
1 
-0.136719 
1 
-1 
-0.0664063 
1 
-1 
-1 
-1 
-1 
-1 
1 
0.472656 
-0.296875 
-0.285156 
-1 
-1 
-1 
-1 
-1 
-1 
0.496094 
-1 
-1 
-1 
-0.769531 
0.480469 
-1 
-1 
-1 
-1 
-1 
-1 
-1 
-1 
-1 
-0.925781 
0.382813 
-1 
-1 
-1 
-0.929688 
-1 
1 
0.496094 
1 
0.695313 
1 
1 
1 
1 
1 
1 
1 
-1 
-1 
-0.921875 
-1 
-1 
-1 
-1 
-1 
0.175781 
1 
0.832031 
1 
1 
1 
0.425781 
-0.0195313 
1 
1 
1 
-1 
-1 
-1 
-1 
-1 
-1 
0.96875 
-1 
-1 
0.472656 
-0.601563 
-1 
-1 
-1 
-1 
-0.101563 
-0.0390625 
-0.949219 
0.0625 
-1 
-1 
0.742188 
-1 
0.375 
-0.980469 
0.382813 
-1 
-1 
-0.148438 
-1 
0.261719 
-1 
-1 
-1 
-0.234375 
-1 
0.378906 
-1 
-1 
1 
1 
0.941406 
1 
0.03125 
1 
-0.0546875 
1 
1 
1 
0.382813 
-1 
0.832031 
-1 
-0.535156 
-1 
1 
1 
0.15625 
1 
-0.375 
1 
0.90625 
1 
0.914063 
0.832031 
1 
1 
1 
1 
1 
1 
1 
1 
1 
1 
1 
1 
1 
1 
1 
-1 
0.140625 
-1 
-0.09375 
-1 
-1 
0.921875 
-1 
-1 
-1 
-1 
0.789063 
-0.375 
0.371094 
-0.4375 
-1 
-1 
-1 
-1 
-1 
-1 
0.472656 
-1 
1 
-1 
0.34375 
-0.410156 
-0.726563 
-1 
-1 
-1 
1 
-1 
-1 
0.195313 
-1 
0.449219 
-1 
-0.972656 
-1 
1 
-1 
-1 
-1 
-1 
-1 
-0.46875 
-1 
-0.382813 
-1 
1 
1 
0.90625 
0.578125 
1 
1 
1 
0.363281 
1 
1 
0.933594 
-1 
-1 
-0.179688 
-1 
-1 
-1 
0.152344 
-1 
-1 
-1 
0.199219 
-1 
-0.0859375 
-1 
-1 
-1 
-1 
-1 
-1 
-1 
-1 
-1 
-0.453125 
-0.0273438 
-1 
-1 
-1 
0.65625 
-1 
1 
1 
0.742188 
1 
1 
1 
1 
1 
1 
1 
1 
0.472656 
1 
1 
0.648438 
-0.785156 
-0.0117188 
1 
1 
0.40625 
0.921875 
1 
1 
0.996094 
1 
1 
0.921875 
1 
0.832031 
0.648438 
0.03125 
-1 
-1 
-1 
-1 
-0.726563 
-1 
-0.953125 
-1 
-1 
0.921875 
-1 
-1 
-1 
-1 
-1 
0.484375 
-1 
-0.136719 
-1 
1 
-0.0742188 
1 
0.53125 
0.390625 
0.589844 
0.832031 
1 
0.871094 
1 
1 
1 
0.542969 
1 
1 
0.921875 
1 
1 
1 
0.210938 
-1 
1 
-1 
-1 
-1 
-0.808594 
-1 
-1 
-1 
1 
-0.867188 
-0.9375 
0.71875 
-1 
1 
-1 
-1 
-1 
-1 
-1 
0.925781 
0.503906 
0.832031 
1 
1 
1 
-0.859375 
1 
1 
1 
-1 
-0.601563 
0.574219 
-0.976563 
-1 
-1 
-0.910156 
-1 
-0.796875 
-1 
1 
1 
1 
1 
1 
1 
1 
1 
1 
0.84375 
-1 
-1 
-1 
0.140625 
-1 
1 
-1 
-0.992188 
-1 
-1 
0.238281 
-1 
-1 
-1 
-1 
-1 
0.871094 
-0.929688 
-1 
-1 
-1 
-1 
-1 
-1 
-1 
-0.148438 
-1 
-1 
-1 
-1 
0.175781 
-0.179688 
-1 
-1 
-1 
-0.867188 
-1 
0.0703125 
-0.367188 
-1 
1 
1 
1 
1 
0.921875 
1 
1 
0.921875 
0.300781 
1 
0.925781 
1 
1 
1 
1 
1 
1 
1 
1 
1 
0.851563 
1 
1 
1 
1 
1 
1 
1 
1 
1 
1 
1 
1 
1 
0.675781 
-0.113281 
1 
1 
0.996094 
1 
0.808594 
0.648438 
0.921875 
1 
1 
1 
1 
0.558594 
0.90625 
0.5625 
-1 
1 
-1 
-1 
-0.789063 
0.734375 
-1 
-0.890625 
-1 
1 
1 
1 
0.15625 
1 
1 
0.773438 
0.875 
1 
0.863281 
1 
0.917969 
-0.476563 
1 
-1 
-1 
-1 
-0.265625 
-0.421875 
0.652344 
-1 
1 
1 
1 
1 
1 
1 
1 
1 
1 
-0.351563 
1 
1 
1 
1 
1 
1 
1 
0.851563 
1 
1 
1 
1 
1 
-0.00390625 
1 
-0.738281 
1 
1 
1 
0.710938 
1 
1 
0.921875 
1 
0.1875 
1 
1 
1 
1 
1 
0.832031 
-1 
-1 
-1 
-1 
1 
-0.894531 
1 
-0.394531 
-1 
-0.269531 
1 
-1 
-1 
-1 
-1 
0.386719 
-0.761719 
-1 
-1 
-1 
-1 
-1 
-1 
-1 
0.539063 
-1 
-1 
-1 
0.832031 
-1 
-1 
-1 
-1 
-1 
0.742188 
0.457031 
0.816406 
-0.457031 
-1 
0.832031 
-0.917969 
-1 
-1 
-1 
1 
-1 
-1 
-1 
-0.578125 
1 
1 
1 
1 
0.871094 
1 
0.800781 
1 
0.300781 
1 
1 
1 
1 
1 
1 
1 
1 
1 
1 
0.636719 
1 
1 
1 
1 
1 
1 
0.105469 
-0.015625 
0.761719 
1 
1 
1 
1 
1 
0.921875 
1 
1 
1 
1 
1 
0.90625 
1 
1 
1 
0.371094 
1 
1 
1 
1 
1 
-1 
-1 
-1 
-1 
-1 
-1 
0.234375 
