0.51952242851257324
-0.59388792514801025
-0.059014201164245605
-0.56587707996368408
-0.2107771635055542
0.99999988079071045
0.99999988079071045
-0.29341721534729004
-0.7315828800201416
-0.52739918231964111
-0.42789030075073242
0.99999988079071045
-0.71152579784393311
-0.19541311264038086
0.99999988079071045
-0.29641997814178467
-0.4226917028427124
0.99999988079071045
0.99999988079071045
0.63724231719970703
0.99999988079071045
-0.79623305797576904
0.78750598430633545
0.99999988079071045
0.56886792182922363
-0.39759862422943115
0.99999988079071045
0.99999988079071045
-0.62346851825714111
-0.6906663179397583
0.99999988079071045
0.99999988079071045
0.36076116561889648
-0.53732419013977051
0.93094313144683838
0.99999988079071045
0.99032413959503174
0.20990514755249023
-0.10983777046203613
0.99999988079071045
-0.28665482997894287
0.99999988079071045
-0.77950572967529297
0.99999988079071045
0.6962432861328125
0.70240366458892822
0.99999988079071045
0.40749239921569824
-0.59777700901031494
-0.68336379528045654
0.90795791149139404
0.0017608404159545898
0.67313110828399658
0.43119978904724121
0.54974865913391113
-0.88591659069061279
0.85802412033081055
0.73340702056884766
0.99999988079071045
0.99999988079071045
0.40073621273040771
0.67340803146362305
0.99999988079071045
-0.28929650783538818
0.25597536563873291
-0.96925890445709229
0.98391544818878174
0.98419332504272461
-0.22826683521270752
-0.3943936824798584
-0.41655755043029785
0.99999988079071045
0.45234215259552002
-0.62636959552764893
0.99999988079071045
0.99999988079071045
0.43228995800018311
0.99999988079071045
-0.32312130928039551
-0.4514385461807251
0.99999988079071045
-0.36212611198425293
0.99999988079071045
0.6795419454574585
-0.30170738697052002
0.99999988079071045
0.99999988079071045
0.89836657047271729
-0.42175638675689697
0.99999988079071045
0.99999988079071045
0.99999988079071045
0.66968154907226562
0.41182816028594971
0.99999988079071045
-0.55528545379638672
-0.54878628253936768
-0.74480593204498291
0.16661584377288818
-0.35076940059661865
0.99999988079071045
0.99999988079071045
0.72363603115081787
0.99999988079071045
-0.6429450511932373
0.82038199901580811
0.99999988079071045
0.99999988079071045
-0.97044181823730469
0.99999988079071045
0.99999988079071045
-0.59784626960754395
0.99999988079071045
0.99999988079071045
0.99999988079071045
0.99999988079071045
0.59647011756896973
-0.9746164083480835
0.63631343841552734
-0.15317165851593018
-0.62316882610321045
0.99999988079071045
0.99999988079071045
-0.62238025665283203
-0.85757207870483398
0.46175169944763184
0.99999988079071045
-0.42267000675201416
-0.4347909688949585
-0.59433305263519287
-0.76147937774658203
-0.46745109558105469
0.52084028720855713
-0.20445883274078369
0.99999988079071045
0.99999988079071045
0.34398674964904785
0.99999988079071045
0.52222514152526855
0.99999988079071045
0.99999988079071045
-0.68092870712280273
-0.779288649559021
0.99999988079071045
0.95058572292327881
-0.62541651725769043
0.90359282493591309
0.99999988079071045
0.99999988079071045
0.99999988079071045
-0.52062034606933594
0.99999988079071045
0.80622601509094238
-0.67680728435516357
0.99999988079071045
0.5947113037109375
0.99999988079071045
0.99999988079071045
-0.37086772918701172
0.45850932598114014
0.54992616176605225
0.99999988079071045
0.040239572525024414
-0.47497522830963135
-0.24619889259338379
0.99999988079071045
-0.79906606674194336
0.99999988079071045
0.99999988079071045
0.55209183692932129
0.99999988079071045
0.78732168674468994
0.81124842166900635
0.99999988079071045
0.99999988079071045
0.90132129192352295
0.99999988079071045
0.25518536567687988
0.14359474182128906
0.99999988079071045
-0.48577702045440674
0.62337565422058105
0.60028457641601562
0.66115355491638184
-0.33169257640838623
0.99999988079071045
-0.42702329158782959
-0.45149099826812744
0.95828366279602051
-0.45146501064300537
0.77732408046722412
0.99999988079071045
-0.52057290077209473
0.99999988079071045
0.99999988079071045
0.52236247062683105
0.81169807910919189
-0.51633882522583008
0.068622231483459473
0.61112380027770996
