0.30908203125
-0.929443359375
-0.20849609375
-0.49072265625
0.003662109375
3.801025390625
4.20458984375
-0.19921875
-0.4091796875
-0.542236328125
-0.690185546875
1.090576171875
-1.353759765625
-0.357421875
1.549072265625
-0.633056640625
-0.45166015625
2.56298828125
4.496337890625
1.276611328125
4.326416015625
-0.6953125
0.2724609375
3.8798828125
0.6689453125
-0.679931640625
2.583740234375
0.79736328125
-0.453369140625
-0.48193359375
2.543212890625
3.702392578125
-0.171142578125
-0.427001953125
2.521728515625
0.18701171875
1.5234375
0.06494140625
-0.3525390625
3.1455078125
-0.125
2.949462890625
-0.638427734375
4.31982421875
0.491455078125
1.5380859375
4.37060546875
0.262939453125
-1.06591796875
-1.1201171875
0.654541015625
-0.248046875
0.5
-0.2841796875
1.070556640625
-0.73828125
0.657958984375
0.588623046875
3.951416015625
2.855712890625
-0.048583984375
0.41455078125
4.440185546875
-0.43505859375
-0.199462890625
-1.361572265625
2.380859375
2.609619140625
-0.142822265625
-0.442138671875
-0.424072265625
3.105224609375
0.208251953125
-0.94921875
4.490234375
0.593505859375
0.016845703125
3.078369140625
-0.164306640625
-0.441650390625
3.033203125
-0.128173828125
4.058349609375
0.53125
-0.255126953125
4.39453125
3.5556640625
0.65673828125
-0.357421875
4.0546875
2.488525390625
2.662353515625
0.59228515625
0.5078125
3.068603515625
-0.533203125
-0.5947265625
-0.22216796875
-0.3662109375
-0.343017578125
1.08154296875
1.59326171875
1.26953125
2.4052734375
-0.453369140625
0.505615234375
3.85302734375
4.41845703125
-1.251220703125
1.614990234375
4.606689453125
-0.90771484375
4.3974609375
4.284912109375
4.160400390625
1.92138671875
0.82958984375
-0.55419921875
0.94189453125
0.002197265625
-0.55419921875
4.17333984375
0.75634765625
-0.865478515625
-0.6630859375
0.9970703125
1.307373046875
-0.600341796875
-0.218017578125
-0.66259765625
-0.399169921875
-0.31982421875
0.156494140625
-0.01171875
3.580810546875
4.11083984375
-0.391845703125
2.871337890625
0.154296875
1.401123046875
2.854248046875
-0.425048828125
-0.479248046875
4.42578125
0.35498046875
-0.527587890625
0.74853515625
0.636474609375
2.17041015625
1.371337890625
-0.091552734375
3.369140625
0.811279296875
-0.642333984375
3.313232421875
0.27490234375
0.30419921875
4.419189453125
-0.26953125
0.156005859375
0.808349609375
1.45703125
-0.013671875
-0.560791015625
-0.196533203125
2.560302734375
-0.77490234375
3.673095703125
4.217529296875
0.309326171875
4.37548828125
0.301025390625
1.937744140625
4.247802734375
3.431640625
1.70166015625
4.23193359375
-0.441162109375
-0.3642578125
3.20751953125
-0.499755859375
0.694580078125
0.484375
0.564697265625
-0.44140625
2.41015625
-0.59228515625
-0.75439453125
1.33154296875
-0.6318359375
0.673583984375
3.581298828125
-0.633056640625
3.888671875
2.68359375
-0.242431640625
1.99951171875
-0.476318359375
0.00927734375
-0.011962890625
