INFO: [SIM 2] *************** CSIM start ***************
INFO: [SIM 4] CSIM will launch GCC as the compiler.
   Compiling ../../../../nPELICAN_tb.cpp in debug mode
   Compiling ../../../../firmware/nPELICAN.cpp in debug mode
   Generating csim.exe
Processing input 0
Predictions

1 71 
Quantized predictions
-0.447266 
Processing input 1000
Predictions

1 56 
Quantized predictions
0.0585938 
Processing input 2000
Predictions

1 51 
Quantized predictions
-0.654541 
Processing input 3000
Predictions

0 60 
Quantized predictions
-2.30347 
Processing input 4000
Predictions

0 30 
Quantized predictions
-2.38721 
Processing input 5000
Predictions

0 20 
Quantized predictions
-2.771 
Processing input 6000
Predictions

0 50 
Quantized predictions
-0.546387 
Processing input 7000
Predictions

0 30 
Quantized predictions
-1.94604 
Processing input 8000
Predictions

0 30 
Quantized predictions
-1.82275 
Processing input 9000
Predictions

0 35 
Quantized predictions
-2.51416 
INFO: Saved inference results to file: tb_data/csim_results.log
INFO: [SIM 1] CSim done with 0 errors.
INFO: [SIM 3] *************** CSIM finish ***************
